<?xml version="1.0" encoding="UTF-8"?>
<!-- Generated by org.testng.reporters.JUnitXMLReporter -->
<testsuite ignored="0" hostname="LAPTOP-SK1OSAKQ" failures="0" tests="3" name="Test" time="83.944" errors="0" timestamp="2023-12-19T12:41:36 IST">
  <testcase classname="question5_comprehensiveAssignment.Question3_TestNGImplementation" name="makeMyTripLogVerified" time="0.054"/>
  <testcase classname="Question5.Question3_TestNGImplementation" name="makeMyTripLogVerified" time="0.043"/>
  <testcase classname="Question5.Question4_TestNGImplementation" name="makeMyTripLogVerified" time="3.841"/>
</testsuite> <!-- Test -->
