<?xml version="1.0" encoding="UTF-8"?>
<testng-results ignored="0" total="3" passed="3" failed="0" skipped="0">
  <reporter-output>
  </reporter-output>
  <suite started-at="2023-12-19T12:40:12 IST" name="Suite" finished-at="2023-12-19T12:41:36 IST" duration-ms="83944">
    <groups>
    </groups>
    <test started-at="2023-12-19T12:40:12 IST" name="Test" finished-at="2023-12-19T12:41:36 IST" duration-ms="83944">
      <class name="Question5.Question3_TestNGImplementation">
        <test-method is-config="true" signature="beforeMethod()[pri:0, instance:Question5.Question3_TestNGImplementation@6e20b53a]" started-at="2023-12-19T12:40:34 IST" name="beforeMethod" finished-at="2023-12-19T12:41:01 IST" duration-ms="26622" status="PASS">
          <reporter-output>
          </reporter-output>
        </test-method> <!-- beforeMethod -->
        <test-method signature="makeMyTripLogVerified()[pri:0, instance:Question5.Question3_TestNGImplementation@6e20b53a]" started-at="2023-12-19T12:41:01 IST" name="makeMyTripLogVerified" finished-at="2023-12-19T12:41:01 IST" duration-ms="43" status="PASS">
          <reporter-output>
          </reporter-output>
        </test-method> <!-- makeMyTripLogVerified -->
        <test-method is-config="true" signature="afterMethod()[pri:0, instance:Question5.Question3_TestNGImplementation@6e20b53a]" started-at="2023-12-19T12:41:01 IST" name="afterMethod" finished-at="2023-12-19T12:41:01 IST" duration-ms="189" status="PASS">
          <reporter-output>
          </reporter-output>
        </test-method> <!-- afterMethod -->
      </class> <!-- Question5.Question3_TestNGImplementation -->
      <class name="Question5.Question4_TestNGImplementation">
        <test-method is-config="true" signature="beforeMethod()[pri:0, instance:Question5.Question4_TestNGImplementation@71809907]" started-at="2023-12-19T12:41:01 IST" name="beforeMethod" finished-at="2023-12-19T12:41:32 IST" duration-ms="30839" status="PASS">
          <reporter-output>
          </reporter-output>
        </test-method> <!-- beforeMethod -->
        <test-method signature="makeMyTripLogVerified()[pri:0, instance:Question5.Question4_TestNGImplementation@71809907]" started-at="2023-12-19T12:41:32 IST" name="makeMyTripLogVerified" finished-at="2023-12-19T12:41:36 IST" duration-ms="3841" status="PASS">
          <reporter-output>
          </reporter-output>
        </test-method> <!-- makeMyTripLogVerified -->
        <test-method is-config="true" signature="afterMethod()[pri:0, instance:Question5.Question4_TestNGImplementation@71809907]" started-at="2023-12-19T12:41:36 IST" name="afterMethod" finished-at="2023-12-19T12:41:36 IST" duration-ms="177" status="PASS">
          <reporter-output>
          </reporter-output>
        </test-method> <!-- afterMethod -->
      </class> <!-- Question5.Question4_TestNGImplementation -->
      <class name="question5_comprehensiveAssignment.Question3_TestNGImplementation">
        <test-method is-config="true" signature="beforeMethod()[pri:0, instance:question5_comprehensiveAssignment.Question3_TestNGImplementation@3c407114]" started-at="2023-12-19T12:40:12 IST" name="beforeMethod" finished-at="2023-12-19T12:40:34 IST" duration-ms="21936" status="PASS">
          <reporter-output>
          </reporter-output>
        </test-method> <!-- beforeMethod -->
        <test-method signature="makeMyTripLogVerified()[pri:0, instance:question5_comprehensiveAssignment.Question3_TestNGImplementation@3c407114]" started-at="2023-12-19T12:40:34 IST" name="makeMyTripLogVerified" finished-at="2023-12-19T12:40:34 IST" duration-ms="54" status="PASS">
          <reporter-output>
          </reporter-output>
        </test-method> <!-- makeMyTripLogVerified -->
        <test-method is-config="true" signature="afterMethod()[pri:0, instance:question5_comprehensiveAssignment.Question3_TestNGImplementation@3c407114]" started-at="2023-12-19T12:40:34 IST" name="afterMethod" finished-at="2023-12-19T12:40:34 IST" duration-ms="205" status="PASS">
          <reporter-output>
          </reporter-output>
        </test-method> <!-- afterMethod -->
      </class> <!-- question5_comprehensiveAssignment.Question3_TestNGImplementation -->
    </test> <!-- Test -->
  </suite> <!-- Suite -->
</testng-results>
